2025-07-24 03:49:04,964 - feature_engineering - DEBUG - Parameters from params.yaml loaded
2025-07-24 03:49:04,975 - feature_engineering - DEBUG - Data loaded and NaNs filled from ./data/interim/train_processed.csv
2025-07-24 03:49:04,978 - feature_engineering - DEBUG - Data loaded and NaNs filled from ./data/interim/test_processed.csv
2025-07-24 03:49:05,007 - feature_engineering - DEBUG - TFIDF Vectors created for Train and Test Data
2025-07-24 03:49:05,096 - feature_engineering - DEBUG - Data Saved:./data/processed/train_tfidf.csv
2025-07-24 03:49:05,104 - feature_engineering - DEBUG - Data Saved:./data/processed/test_tfidf.csv
2025-07-24 04:32:44,038 - feature_engineering - DEBUG - Parameters from params.yaml loaded
2025-07-24 04:32:44,049 - feature_engineering - DEBUG - Data loaded and NaNs filled from ./data/interim/train_processed.csv
2025-07-24 04:32:44,054 - feature_engineering - DEBUG - Data loaded and NaNs filled from ./data/interim/test_processed.csv
2025-07-24 04:32:44,080 - feature_engineering - DEBUG - TFIDF Vectors created for Train and Test Data
2025-07-24 04:32:44,186 - feature_engineering - DEBUG - Data Saved:./data/processed/train_tfidf.csv
2025-07-24 04:32:44,195 - feature_engineering - DEBUG - Data Saved:./data/processed/test_tfidf.csv
2025-09-09 06:27:16,789 - feature_engineering - DEBUG - Parameters from params.yaml loaded
2025-09-09 06:27:16,795 - feature_engineering - DEBUG - Data loaded and NaNs filled from ./data/interim/train_processed.csv
2025-09-09 06:27:16,798 - feature_engineering - DEBUG - Data loaded and NaNs filled from ./data/interim/test_processed.csv
2025-09-09 06:27:16,892 - feature_engineering - DEBUG - TFIDF Vectors created for Train and Test Data
2025-09-09 06:27:16,895 - feature_engineering - ERROR - Error during TFIDF transformation: name 'pickle' is not defined
2025-09-09 06:27:16,896 - feature_engineering - ERROR - Failed Features Generation: name 'pickle' is not defined
2025-09-09 06:31:22,561 - feature_engineering - DEBUG - Parameters from params.yaml loaded
2025-09-09 06:31:22,569 - feature_engineering - DEBUG - Data loaded and NaNs filled from ./data/interim/train_processed.csv
2025-09-09 06:31:22,572 - feature_engineering - DEBUG - Data loaded and NaNs filled from ./data/interim/test_processed.csv
2025-09-09 06:29:14,802 - feature_engineering - DEBUG - TFIDF Vectors created for Train and Test Data
2025-09-09 06:29:14,811 - feature_engineering - DEBUG - Vectorizer saved.
2025-09-09 06:29:17,291 - feature_engineering - DEBUG - Data Saved:./data/processed/train_tfidf.csv
2025-09-09 06:29:18,034 - feature_engineering - DEBUG - Data Saved:./data/processed/test_tfidf.csv
2025-09-09 07:55:23,655 - feature_engineering - DEBUG - TFIDF Vectors created for Train and Test Data
2025-09-09 07:55:23,657 - feature_engineering - DEBUG - Vectorizer saved.
2025-09-09 07:56:01,710 - feature_engineering - DEBUG - TFIDF Vectors created for Train and Test Data
2025-09-09 07:56:01,712 - feature_engineering - DEBUG - Vectorizer saved.
